<?xml version="1.0" encoding="UTF-8"?>
<!-- Generated by org.testng.reporters.JUnitReportReporter -->
<testsuite hostname="DESKTOP-7MIPOVK" failures="0" tests="1" name="CoreJava.PS2" time="0.014" errors="0" timestamp="2024-06-22T15:33:12 IST" skipped="0">
  <testcase classname="CoreJava.PS2" name="testRun" time="0.014"/>
  <system-out/>
</testsuite> <!-- CoreJava.PS2 -->
